2025-06-15 11:40:01,798 - INFO - Your Data Processing is intialized...
2025-06-15 11:40:01,799 - INFO - Starting our Data Processing Pipleine...
2025-06-15 11:40:02,193 - INFO - Read the data sucesfully
2025-06-15 11:40:02,443 - INFO - Data Preprocessing done...
2025-06-15 11:40:02,593 - INFO - Hanled imbalance data sucesfully...
2025-06-15 11:40:07,570 - INFO - Data has been feeded into Feature Store..
2025-06-15 11:40:07,571 - INFO - End of pipeline Data Processing...
2025-06-15 11:43:37,445 - INFO - Your Data Processing is initialized...
2025-06-15 11:43:37,446 - INFO - Starting the data processing pipeline...
2025-06-15 11:43:37,468 - INFO - Successfully loaded the data
2025-06-15 11:43:37,490 - INFO - Data preprocessing completed.
2025-06-15 11:43:37,531 - INFO - Handled class imbalance successfully using SMOTE.
2025-06-15 11:43:40,390 - INFO - Features have been stored in Redis Feature Store.
2025-06-15 11:43:40,390 - INFO - Data processing pipeline completed successfully.
2025-06-15 12:31:45,618 - INFO - Model Training initialized...
2025-06-15 12:31:45,619 - INFO - Starting Model Training Pipeline...
2025-06-15 12:31:45,737 - INFO - Extracting data from Redis
2025-06-15 12:31:48,277 - INFO - Extracting data from Redis
2025-06-15 12:31:48,948 - INFO - Index(['Age', 'Fare', 'Pclass', 'Sex', 'Embarked', 'Familysize', 'Isalone',
       'HasCabin', 'Title', 'Pclass_Fare', 'Age_Fare'],
      dtype='object')
2025-06-15 12:31:48,951 - INFO - Preparation for Model Training completed
2025-06-15 12:32:28,629 - INFO - Best parameters: {'n_estimators': 200, 'min_samples_split': 2, 'min_samples_leaf': 2, 'max_depth': 30}
2025-06-15 12:32:28,665 - INFO - Accuracy is: 0.8391608391608392
2025-06-15 12:32:28,765 - INFO - Model saved at artifacts/models/random_forest_model.pkl
2025-06-15 12:32:28,767 - INFO - Model Training pipeline completed successfully.
